<?xml version="1.0" encoding="UTF-8"?>
<testsuite xmlns:xsi="http://www.w3.org/2001/XMLSchema-instance" xsi:noNamespaceSchemaLocation="https://maven.apache.org/surefire/maven-surefire-plugin/xsd/surefire-test-report.xsd" version="3.0.2" name="CarRentalServiceAdditionalTest" time="0.034" tests="4" errors="0" skipped="0" failures="0">
  <properties>
[...]
</properties>
  <testcase name="reservationEndIsCalculatedCorrectly" classname="CarRentalServiceAdditionalTest" time="0.018"/>
  <testcase name="limitedInventoryAllowsMultipleReservationsUpToCount" classname="CarRentalServiceAdditionalTest" time="0.006"/>
  <testcase name="reserveDifferentTypes" classname="CarRentalServiceAdditionalTest" time="0.001"/>
  <testcase name="overlappingReservationsAreRejected" classname="CarRentalServiceAdditionalTest" time="0.001"/>
</testsuite>